#
# There is insufficient memory for the Java Runtime Environment to continue.
# Native memory allocation (malloc) failed to allocate 32784 bytes. Error detail: Chunk::new
# Possible reasons:
#   The system is out of physical RAM or swap space
#   This process is running with CompressedOops enabled, and the Java Heap may be blocking the growth of the native heap
# Possible solutions:
#   Reduce memory load on the system
#   Increase physical memory or swap space
#   Check if swap backing store is full
#   Decrease Java heap size (-Xmx/-Xms)
#   Decrease number of Java threads
#   Decrease Java thread stack sizes (-Xss)
#   Set larger code cache with -XX:ReservedCodeCacheSize=
#   JVM is running with Unscaled Compressed Oops mode in which the Java heap is
#     placed in the first 4GB address space. The Java Heap base address is the
#     maximum limit for the native heap growth. Please use -XX:HeapBaseMinAddress
#     to set the Java Heap base and to place the Java Heap above 4GB virtual address.
# This output file may be truncated or incomplete.
#
#  Out of Memory Error (arena.cpp:191), pid=20556, tid=4412
#
# JRE version: OpenJDK Runtime Environment Corretto-17.0.11.9.1 (17.0.11+9) (build 17.0.11+9-LTS)
# Java VM: OpenJDK 64-Bit Server VM Corretto-17.0.11.9.1 (17.0.11+9-LTS, mixed mode, sharing, tiered, compressed oops, compressed class ptrs, g1 gc, windows-amd64)
# No core dump will be written. Minidumps are not enabled by default on client versions of Windows
#

---------------  S U M M A R Y ------------

Command Line: -javaagent:C:\Program Files\JetBrains\IntelliJ IDEA Community Edition 2023.3.4\lib\idea_rt.jar=49167:C:\Program Files\JetBrains\IntelliJ IDEA Community Edition 2023.3.4\bin -Dfile.encoding=UTF-8 com.example.app.javatechie.spring.auth.example.UserServiceApplication

Host: 11th Gen Intel(R) Core(TM) i7-1165G7 @ 2.80GHz, 8 cores, 7G,  Windows 10 , 64 bit Build 19041 (10.0.19041.3636)
Time: Mon Jun  3 00:28:52 2024 Paris, Madrid (heure duild 19041 (10.0.19041.3636) elapsed time: 750.943992 seconds (0d 0h 12m 30s)

---------------  T H R E A D  ---------------

Current thread (0x000002a4fb795ce0):  JavaThread "C2 CompilerThread0" daemon [_thread_in_native, id=4412, stack(0x000000d1c0d00000,0x000000d1c0e00000)]


Current CompileTask:
C2: 750944 8638       4       org.springframework.core.ResolvableType::getGenerics (171 bytes)

Stack: [0x000000d1c0d00000,0x000000d1c0e00000]
Native frames: (J=compiled Java code, j=interpreted, Vv=VM code, C=native code)
V  [jvm.dll+0x67d009]
V  [jvm.dll+0x83489a]
V  [jvm.dll+0x83635e]
V  [jvm.dll+0x8369c3]
V  [jvm.dll+0x2479df]
V  [jvm.dll+0xac534]
V  [jvm.dll+0xacb7c]
V  [jvm.dll+0xac63b]
V  [jvm.dll+0x6a060f]
V  [jvm.dll+0x21b6ae]
V  [jvm.dll+0x2193f1]
V  [jvm.dll+0x1a524d]
V  [jvm.dll+0x22920d]
V  [jvm.dll+0x2273dc]
V  [jvm.dll+0x7e9a07]
V  [jvm.dll+0x7e3e0a]
V  [jvm.dll+0x67bef5]
C  [ucrtbase.dll+0x21bb2]
C  [KERNEL32.DLL+0x17344]
C  [ntdll.dll+0x526b1]


---------------  P R O C E S S  ---------------

Threads class SMR info:
_java_thread_list=0x000002a4d73873c0, length=32, elements={
0x000002a4fb779150, 0x000002a4fb779d10, 0x000002a4fb790ba0, 0x000002a4fb791760,
0x000002a4fb794630, 0x000002a4fb794ff0, 0x000002a4fb795ce0, 0x000002a4fb796790,
0x000002a4fb7a01b0, 0x000002a4d4224e90, 0x000002a4d4476650, 0x000002a4d4476b30,
0x000002a4d6d30040, 0x000002a4d7dc52d0, 0x000002a4d7dc3980, 0x000002a4d7dc57e0,
0x000002a4d7dc4dc0, 0x000002a4d7dc3e90, 0x000002a4d7dc6200, 0x000002a4d7dc6710,
0x000002a4d7dc6c20, 0x000002a4d7dc43a0, 0x000002a4d6c22670, 0x000002a4d6c1fdf0,
0x000002a4d6c1d570, 0x000002a4d6c20300, 0x000002a4d6c21740, 0x000002a4d6c1eec0,
0x000002a4d6c1d060, 0x000002a4d6c22160, 0x000002a4d6c1da80, 0x000002a4d6c20810
}

Java Threads: ( => current thread )
  0x000002a4fb779150 JavaThread "Reference Handler" daemon [_thread_blocked, id=23160, stack(0x000000d1c0700000,0x000000d1c0800000)]
  0x000002a4fb779d10 JavaThread "Finalizer" daemon [_thread_blocked, id=22104, stack(0x000000d1c0800000,0x000000d1c0900000)]
  0x000002a4fb790ba0 JavaThread "Signal Dispatcher" daemon [_thread_blocked, id=23092, stack(0x000000d1c0900000,0x000000d1c0a00000)]
  0x000002a4fb791760 JavaThread "Attach Listener" daemon [_thread_blocked, id=22180, stack(0x000000d1c0a00000,0x000000d1c0b00000)]
  0x000002a4fb794630 JavaThread "Service Thread" daemon [_thread_blocked, id=23128, stack(0x000000d1c0b00000,0x000000d1c0c00000)]
  0x000002a4fb794ff0 JavaThread "Monitor Deflation Thread" daemon [_thread_blocked, id=5216, stack(0x000000d1c0c00000,0x000000d1c0d00000)]
=>0x000002a4fb795ce0 JavaThread "C2 CompilerThread0" daemon [_thread_in_native, id=4412, stack(0x000000d1c0d00000,0x000000d1c0e00000)]
  0x000002a4fb796790 JavaThread "C1 CompilerThread0" daemon [_thread_blocked, id=1872, stack(0x000000d1c0e00000,0x000000d1c0f00000)]
  0x000002a4fb7a01b0 JavaThread "Sweeper thread" daemon [_thread_blocked, id=23272, stack(0x000000d1c0f00000,0x000000d1c1000000)]
  0x000002a4d4224e90 JavaThread "Common-Cleaner" daemon [_thread_blocked, id=11220, stack(0x000000d1c1000000,0x000000d1c1100000)]
  0x000002a4d4476650 JavaThread "Monitor Ctrl-Break" daemon [_thread_in_native, id=3064, stack(0x000000d1c1100000,0x000000d1c1200000)]
  0x000002a4d4476b30 JavaThread "Notification Thread" daemon [_thread_blocked, id=22408, stack(0x000000d1c1200000,0x000000d1c1300000)]
  0x000002a4d6d30040 JavaThread "mysql-cj-abandoned-connection-cleanup" daemon [_thread_blocked, id=21136, stack(0x000000d1c1f00000,0x000000d1c2000000)]
  0x000002a4d7dc52d0 JavaThread "HikariPool-1 housekeeper" daemon [_thread_blocked, id=21952, stack(0x000000d1c2100000,0x000000d1c2200000)]
  0x000002a4d7dc3980 JavaThread "Catalina-utility-1" [_thread_blocked, id=22244, stack(0x000000d1c2300000,0x000000d1c2400000)]
  0x000002a4d7dc57e0 JavaThread "Catalina-utility-2" [_thread_blocked, id=11612, stack(0x000000d1c2400000,0x000000d1c2500000)]
  0x000002a4d7dc4dc0 JavaThread "container-0" [_thread_blocked, id=17012, stack(0x000000d1c2500000,0x000000d1c2600000)]
  0x000002a4d7dc3e90 JavaThread "File Watcher" daemon [_thread_blocked, id=2096, stack(0x000000d1c2600000,0x000000d1c2700000)]
  0x000002a4d7dc6200 JavaThread "Live Reload Server" daemon [_thread_in_native, id=19652, stack(0x000000d1c2800000,0x000000d1c2900000)]
  0x000002a4d7dc6710 JavaThread "http-nio-7080-exec-1" daemon [_thread_blocked, id=18232, stack(0x000000d1c2700000,0x000000d1c2800000)]
  0x000002a4d7dc6c20 JavaThread "http-nio-7080-exec-2" daemon [_thread_blocked, id=4404, stack(0x000000d1c2900000,0x000000d1c2a00000)]
  0x000002a4d7dc43a0 JavaThread "http-nio-7080-exec-3" daemon [_thread_blocked, id=2560, stack(0x000000d1c2a00000,0x000000d1c2b00000)]
  0x000002a4d6c22670 JavaThread "http-nio-7080-exec-4" daemon [_thread_blocked, id=5744, stack(0x000000d1c2b00000,0x000000d1c2c00000)]
  0x000002a4d6c1fdf0 JavaThread "http-nio-7080-exec-5" daemon [_thread_blocked, id=17492, stack(0x000000d1c2c00000,0x000000d1c2d00000)]
  0x000002a4d6c1d570 JavaThread "http-nio-7080-exec-6" daemon [_thread_blocked, id=10296, stack(0x000000d1c2d00000,0x000000d1c2e00000)]
  0x000002a4d6c20300 JavaThread "http-nio-7080-exec-7" daemon [_thread_blocked, id=10360, stack(0x000000d1c2e00000,0x000000d1c2f00000)]
  0x000002a4d6c21740 JavaThread "http-nio-7080-exec-8" daemon [_thread_blocked, id=8348, stack(0x000000d1c2f00000,0x000000d1c3000000)]
  0x000002a4d6c1eec0 JavaThread "http-nio-7080-exec-9" daemon [_thread_blocked, id=19748, stack(0x000000d1c3000000,0x000000d1c3100000)]
  0x000002a4d6c1d060 JavaThread "http-nio-7080-exec-10" daemon [_thread_blocked, id=17252, stack(0x000000d1c3100000,0x000000d1c3200000)]
  0x000002a4d6c22160 JavaThread "http-nio-7080-Poller" daemon [_thread_in_native, id=96, stack(0x000000d1c3200000,0x000000d1c3300000)]
  0x000002a4d6c1da80 JavaThread "http-nio-7080-Acceptor" daemon [_thread_in_native, id=15312, stack(0x000000d1c3300000,0x000000d1c3400000)]
  0x000002a4d6c20810 JavaThread "DestroyJavaVM" [_thread_blocked, id=15628, stack(0x000000d1c0000000,0x000000d1c0100000)]

Other Threads:
  0x000002a4fb775df0 VMThread "VM Thread" [stack: 0x000000d1c0600000,0x000000d1c0700000] [id=12036]
  0x000002a4eca0d870 WatcherThread [stack: 0x000000d1c1300000,0x000000d1c1400000] [id=20244]
  0x000002a4eca66290 GCTaskThread "GC Thread#0" [stack: 0x000000d1c0100000,0x000000d1c0200000] [id=6864]
  0x000002a4d4f13500 GCTaskThread "GC Thread#1" [stack: 0x000000d1c1700000,0x000000d1c1800000] [id=10280]
  0x000002a4d4b92910 GCTaskThread "GC Thread#2" [stack: 0x000000d1c1800000,0x000000d1c1900000] [id=4760]
  0x000002a4d4b92bd0 GCTaskThread "GC Thread#3" [stack: 0x000000d1c1900000,0x000000d1c1a00000] [id=9264]
  0x000002a4d4b92e90 GCTaskThread "GC Thread#4" [stack: 0x000000d1c1a00000,0x000000d1c1b00000] [id=11384]
  0x000002a4d4b93150 GCTaskThread "GC Thread#5" [stack: 0x000000d1c1b00000,0x000000d1c1c00000] [id=20164]
  0x000002a4d56d2c70 GCTaskThread "GC Thread#6" [stack: 0x000000d1c1d00000,0x000000d1c1e00000] [id=11884]
  0x000002a4d50178a0 GCTaskThread "GC Thread#7" [stack: 0x000000d1c1e00000,0x000000d1c1f00000] [id=10316]
  0x000002a4eca76b20 ConcurrentGCThread "G1 Main Marker" [stack: 0x000000d1c0200000,0x000000d1c0300000] [id=952]
  0x000002a4eca77ce0 ConcurrentGCThread "G1 Conc#0" [stack: 0x000000d1c0300000,0x000000d1c0400000] [id=17852]
  0x000002a4d5ab71b0 ConcurrentGCThread "G1 Conc#1" [stack: 0x000000d1c1c00000,0x000000d1c1d00000] [id=19120]
  0x000002a4ecab7990 ConcurrentGCThread "G1 Refine#0" [stack: 0x000000d1c0400000,0x000000d1c0500000] [id=21988]
  0x000002a4ecab83c0 ConcurrentGCThread "G1 Service" [stack: 0x000000d1c0500000,0x000000d1c0600000] [id=3088]

Threads with active compile tasks:
C2 CompilerThread0   751025 8638       4       org.springframework.core.ResolvableType::getGenerics (171 bytes)

VM state: not at safepoint (normal execution)

VM Mutex/Monitor currently owned by a thread: None

Heap address: 0x0000000083600000, size: 1994 MB, Compressed Oops mode: 32-bit

CDS archive(s) mapped at: [0x000002a48f000000-0x000002a48fbb0000-0x000002a48fbb0000), size 12255232, SharedBaseAddress: 0x000002a48f000000, ArchiveRelocationMode: 1.
Compressed class space mapped at: 0x000002a490000000-0x000002a4d0000000, reserved size: 1073741824
Narrow klass base: 0x000002a48f000000, Narrow klass shift: 0, Narrow klass range: 0x100000000

GC Precious Log:
 CPUs: 8 total, 8 available
 Memory: 7975M
 Large Page Support: Disabled
 NUMA Support: Disabled
 Compressed Oops: Enabled (32-bit)
 Heap Region Size: 1M
 Heap Min Capacity: 8M
 Heap Initial Capacity: 126M
 Heap Max Capacity: 1994M
 Pre-touch: Disabled
 Parallel Workers: 8
 Concurrent Workers: 2
 Concurrent Refinement Workers: 8
 Periodic GC: Disabled

Heap:
 garbage-first heap   total 76800K, used 60364K [0x0000000083600000, 0x0000000100000000)
  region size 1024K, 26 young (26624K), 1 survivors (1024K)
 Metaspace       used 75141K, committed 75776K, reserved 1179648K
  class space    used 10129K, committed 10432K, reserved 1048576K

Heap Regions: E=young(eden), S=young(survivor), O=old, HS=humongous(starts), HC=humongous(continues), CS=collection set, F=free, OA=open archive, CA=closed archive, TAMS=top-at-mark-start (previous, next)
|   0|0x0000000083600000, 0x0000000083700000, 0x0000000083700000|100%|HS|  |TAMS 0x0000000083700000, 0x0000000083600000| Complete 
|   1|0x0000000083700000, 0x0000000083800000, 0x0000000083800000|100%| O|  |TAMS 0x0000000083800000, 0x0000000083700000| Untracked 
|   2|0x0000000083800000, 0x0000000083900000, 0x0000000083900000|100%| O|  |TAMS 0x0000000083900000, 0x0000000083800000| Untracked 
|   3|0x0000000083900000, 0x0000000083a00000, 0x0000000083a00000|100%| O|  |TAMS 0x0000000083a00000, 0x0000000083900000| Untracked 
|   4|0x0000000083a00000, 0x0000000083b00000, 0x0000000083b00000|100%| O|  |TAMS 0x0000000083b00000, 0x0000000083a00000| Untracked 
|   5|0x0000000083b00000, 0x0000000083c00000, 0x0000000083c00000|100%| O|  |TAMS 0x0000000083c00000, 0x0000000083b00000| Untracked 
|   6|0x0000000083c00000, 0x0000000083d00000, 0x0000000083d00000|100%| O|  |TAMS 0x0000000083d00000, 0x0000000083c00000| Untracked 
|   7|0x0000000083d00000, 0x0000000083d00000, 0x0000000083e00000|  0%| F|  |TAMS 0x0000000083d00000, 0x0000000083d00000| Untracked 
|   8|0x0000000083e00000, 0x0000000083f00000, 0x0000000083f00000|100%| O|  |TAMS 0x0000000083f00000, 0x0000000083e00000| Untracked 
|   9|0x0000000083f00000, 0x0000000084000000, 0x0000000084000000|100%| O|  |TAMS 0x0000000084000000, 0x0000000083f00000| Untracked 
|  10|0x0000000084000000, 0x0000000084100000, 0x0000000084100000|100%| O|  |TAMS 0x0000000084100000, 0x0000000084000000| Untracked 
|  11|0x0000000084100000, 0x0000000084200000, 0x0000000084200000|100%| O|  |TAMS 0x0000000084200000, 0x0000000084100000| Untracked 
|  12|0x0000000084200000, 0x0000000084300000, 0x0000000084300000|100%| O|  |TAMS 0x0000000084300000, 0x0000000084200000| Untracked 
|  13|0x0000000084300000, 0x0000000084400000, 0x0000000084400000|100%| O|  |TAMS 0x0000000084400000, 0x0000000084300000| Untracked 
|  14|0x0000000084400000, 0x0000000084500000, 0x0000000084500000|100%| O|  |TAMS 0x0000000084500000, 0x0000000084400000| Untracked 
|  15|0x0000000084500000, 0x0000000084600000, 0x0000000084600000|100%| O|  |TAMS 0x0000000084600000, 0x0000000084500000| Untracked 
|  16|0x0000000084600000, 0x0000000084700000, 0x0000000084700000|100%| O|  |TAMS 0x0000000084700000, 0x0000000084600000| Untracked 
|  17|0x0000000084700000, 0x0000000084800000, 0x0000000084800000|100%| O|  |TAMS 0x0000000084800000, 0x0000000084700000| Untracked 
|  18|0x0000000084800000, 0x0000000084900000, 0x0000000084900000|100%| O|  |TAMS 0x0000000084900000, 0x0000000084800000| Untracked 
|  19|0x0000000084900000, 0x0000000084a00000, 0x0000000084a00000|100%| O|  |TAMS 0x0000000084a00000, 0x0000000084900000| Untracked 
|  20|0x0000000084a00000, 0x0000000084b00000, 0x0000000084b00000|100%| O|  |TAMS 0x0000000084b00000, 0x0000000084a00000| Untracked 
|  21|0x0000000084b00000, 0x0000000084c00000, 0x0000000084c00000|100%| O|  |TAMS 0x0000000084c00000, 0x0000000084b00000| Untracked 
|  22|0x0000000084c00000, 0x0000000084d00000, 0x0000000084d00000|100%| O|  |TAMS 0x0000000084d00000, 0x0000000084c00000| Untracked 
|  23|0x0000000084d00000, 0x0000000084e00000, 0x0000000084e00000|100%| O|  |TAMS 0x0000000084e00000, 0x0000000084d00000| Untracked 
|  24|0x0000000084e00000, 0x0000000084f00000, 0x0000000084f00000|100%| O|  |TAMS 0x0000000084f00000, 0x0000000084e00000| Untracked 
|  25|0x0000000084f00000, 0x0000000085000000, 0x0000000085000000|100%| O|  |TAMS 0x0000000085000000, 0x0000000084f00000| Untracked 
|  26|0x0000000085000000, 0x0000000085100000, 0x0000000085100000|100%| O|  |TAMS 0x0000000085100000, 0x0000000085000000| Untracked 
|  27|0x0000000085100000, 0x0000000085200000, 0x0000000085200000|100%| O|  |TAMS 0x0000000085200000, 0x0000000085100000| Untracked 
|  28|0x0000000085200000, 0x0000000085300000, 0x0000000085300000|100%| O|  |TAMS 0x0000000085300000, 0x0000000085200000| Untracked 
|  29|0x0000000085300000, 0x0000000085400000, 0x0000000085400000|100%| O|  |TAMS 0x0000000085400000, 0x0000000085300000| Untracked 
|  30|0x0000000085400000, 0x0000000085500000, 0x0000000085500000|100%| O|  |TAMS 0x0000000085500000, 0x0000000085400000| Untracked 
|  31|0x0000000085500000, 0x0000000085600000, 0x0000000085600000|100%| O|  |TAMS 0x0000000085600000, 0x0000000085500000| Untracked 
|  32|0x0000000085600000, 0x0000000085700000, 0x0000000085700000|100%| O|  |TAMS 0x0000000085700000, 0x0000000085600000| Untracked 
|  33|0x0000000085700000, 0x0000000085800000, 0x0000000085800000|100%| O|  |TAMS 0x0000000085800000, 0x0000000085700000| Untracked 
|  34|0x0000000085800000, 0x0000000085900000, 0x0000000085900000|100%| O|  |TAMS 0x0000000085900000, 0x0000000085800000| Untracked 
|  35|0x0000000085900000, 0x0000000085a00000, 0x0000000085a00000|100%| O|  |TAMS 0x0000000085952400, 0x0000000085900000| Untracked 
|  36|0x0000000085a00000, 0x0000000085aa7e00, 0x0000000085b00000| 65%| O|  |TAMS 0x0000000085a00000, 0x0000000085a00000| Untracked 
|  37|0x0000000085b00000, 0x0000000085b00000, 0x0000000085c00000|  0%| F|  |TAMS 0x0000000085b00000, 0x0000000085b00000| Untracked 
|  38|0x0000000085c00000, 0x0000000085c00000, 0x0000000085d00000|  0%| F|  |TAMS 0x0000000085c00000, 0x0000000085c00000| Untracked 
|  39|0x0000000085d00000, 0x0000000085d00000, 0x0000000085e00000|  0%| F|  |TAMS 0x0000000085d00000, 0x0000000085d00000| Untracked 
|  40|0x0000000085e00000, 0x0000000085e00000, 0x0000000085f00000|  0%| F|  |TAMS 0x0000000085e00000, 0x0000000085e00000| Untracked 
|  41|0x0000000085f00000, 0x0000000085f00000, 0x0000000086000000|  0%| F|  |TAMS 0x0000000085f00000, 0x0000000085f00000| Untracked 
|  42|0x0000000086000000, 0x0000000086000000, 0x0000000086100000|  0%| F|  |TAMS 0x0000000086000000, 0x0000000086000000| Untracked 
|  43|0x0000000086100000, 0x0000000086100000, 0x0000000086200000|  0%| F|  |TAMS 0x0000000086100000, 0x0000000086100000| Untracked 
|  44|0x0000000086200000, 0x0000000086200000, 0x0000000086300000|  0%| F|  |TAMS 0x0000000086200000, 0x0000000086200000| Untracked 
|  45|0x0000000086300000, 0x0000000086300000, 0x0000000086400000|  0%| F|  |TAMS 0x0000000086300000, 0x0000000086300000| Untracked 
|  46|0x0000000086400000, 0x0000000086400000, 0x0000000086500000|  0%| F|  |TAMS 0x0000000086400000, 0x0000000086400000| Untracked 
|  47|0x0000000086500000, 0x0000000086500000, 0x0000000086600000|  0%| F|  |TAMS 0x0000000086500000, 0x0000000086500000| Untracked 
|  48|0x0000000086600000, 0x0000000086600000, 0x0000000086700000|  0%| F|  |TAMS 0x0000000086600000, 0x0000000086600000| Untracked 
|  49|0x0000000086700000, 0x0000000086761a20, 0x0000000086800000| 38%| E|  |TAMS 0x0000000086700000, 0x0000000086700000| Complete 
|  50|0x0000000086800000, 0x0000000086900000, 0x0000000086900000|100%| E|CS|TAMS 0x0000000086800000, 0x0000000086800000| Complete 
|  51|0x0000000086900000, 0x0000000086a00000, 0x0000000086a00000|100%| E|CS|TAMS 0x0000000086900000, 0x0000000086900000| Complete 
|  52|0x0000000086a00000, 0x0000000086b00000, 0x0000000086b00000|100%| E|  |TAMS 0x0000000086a00000, 0x0000000086a00000| Complete 
|  53|0x0000000086b00000, 0x0000000086c00000, 0x0000000086c00000|100%| E|CS|TAMS 0x0000000086b00000, 0x0000000086b00000| Complete 
|  54|0x0000000086c00000, 0x0000000086d00000, 0x0000000086d00000|100%| E|CS|TAMS 0x0000000086c00000, 0x0000000086c00000| Complete 
|  55|0x0000000086d00000, 0x0000000086e00000, 0x0000000086e00000|100%| E|CS|TAMS 0x0000000086d00000, 0x0000000086d00000| Complete 
|  56|0x0000000086e00000, 0x0000000086f00000, 0x0000000086f00000|100%| E|CS|TAMS 0x0000000086e00000, 0x0000000086e00000| Complete 
|  57|0x0000000086f00000, 0x0000000087000000, 0x0000000087000000|100%| E|CS|TAMS 0x0000000086f00000, 0x0000000086f00000| Complete 
|  58|0x0000000087000000, 0x0000000087100000, 0x0000000087100000|100%| E|CS|TAMS 0x0000000087000000, 0x0000000087000000| Complete 
|  59|0x0000000087100000, 0x0000000087200000, 0x0000000087200000|100%| E|CS|TAMS 0x0000000087100000, 0x0000000087100000| Complete 
|  60|0x0000000087200000, 0x0000000087300000, 0x0000000087300000|100%| E|CS|TAMS 0x0000000087200000, 0x0000000087200000| Complete 
|  61|0x0000000087300000, 0x0000000087400000, 0x0000000087400000|100%| E|CS|TAMS 0x0000000087300000, 0x0000000087300000| Complete 
|  62|0x0000000087400000, 0x0000000087500000, 0x0000000087500000|100%| E|CS|TAMS 0x0000000087400000, 0x0000000087400000| Complete 
|  63|0x0000000087500000, 0x0000000087600000, 0x0000000087600000|100%| E|CS|TAMS 0x0000000087500000, 0x0000000087500000| Complete 
|  64|0x0000000087600000, 0x0000000087700000, 0x0000000087700000|100%| E|CS|TAMS 0x0000000087600000, 0x0000000087600000| Complete 
|  65|0x0000000087700000, 0x0000000087800000, 0x0000000087800000|100%| E|CS|TAMS 0x0000000087700000, 0x0000000087700000| Complete 
|  66|0x0000000087800000, 0x0000000087900000, 0x0000000087900000|100%| E|CS|TAMS 0x0000000087800000, 0x0000000087800000| Complete 
|  67|0x0000000087900000, 0x0000000087a00000, 0x0000000087a00000|100%| E|CS|TAMS 0x0000000087900000, 0x0000000087900000| Complete 
|  68|0x0000000087a00000, 0x0000000087b00000, 0x0000000087b00000|100%| E|CS|TAMS 0x0000000087a00000, 0x0000000087a00000| Complete 
|  69|0x0000000087b00000, 0x0000000087c00000, 0x0000000087c00000|100%| E|CS|TAMS 0x0000000087b00000, 0x0000000087b00000| Complete 
|  70|0x0000000087c00000, 0x0000000087d00000, 0x0000000087d00000|100%| E|CS|TAMS 0x0000000087c00000, 0x0000000087c00000| Complete 
|  71|0x0000000087d00000, 0x0000000087e00000, 0x0000000087e00000|100%| E|CS|TAMS 0x0000000087d00000, 0x0000000087d00000| Complete 
|  72|0x0000000087e00000, 0x0000000087f00000, 0x0000000087f00000|100%| E|CS|TAMS 0x0000000087e00000, 0x0000000087e00000| Complete 
|  73|0x0000000087f00000, 0x0000000087f4b260, 0x0000000088000000| 29%| S|CS|TAMS 0x0000000087f00000, 0x0000000087f00000| Complete 
| 125|0x000000008b300000, 0x000000008b400000, 0x000000008b400000|100%| E|CS|TAMS 0x000000008b300000, 0x000000008b300000| Complete 

Card table byte_map: [0x000002a4f4c40000,0x000002a4f5030000] _byte_map_base: 0x000002a4f4825000

Marking Bits (Prev, Next): (CMBitMap*) 0x000002a4eca668f0, (CMBitMap*) 0x000002a4eca668b0
 Prev Bits: [0x000002a4f7350000, 0x000002a4f9278000)
 Next Bits: [0x000002a4f5420000, 0x000002a4f7348000)

Polling page: 0x000002a4eab80000

Metaspace:

Usage:
  Non-class:     63.49 MB used.
      Class:      9.89 MB used.
       Both:     73.38 MB used.

Virtual space:
  Non-class space:      128.00 MB reserved,      63.81 MB ( 50%) committed,  2 nodes.
      Class space:        1.00 GB reserved,      10.19 MB ( <1%) committed,  1 nodes.
             Both:        1.12 GB reserved,      74.00 MB (  6%) committed. 

Chunk freelists:
   Non-Class:  15.69 MB
       Class:  5.78 MB
        Both:  21.47 MB

MaxMetaspaceSize: unlimited
CompressedClassSpaceSize: 1.00 GB
Initial GC threshold: 21.00 MB
Current GC threshold: 122.00 MB
CDS: on
MetaspaceReclaimPolicy: balanced
 - commit_granule_bytes: 65536.
 - commit_granule_words: 8192.
 - virtual_space_node_default_size: 8388608.
 - enlarge_chunks_in_place: 1.
 - new_chunks_are_fully_committed: 0.
 - uncommit_free_chunks: 1.
 - use_allocation_guard: 0.
 - handle_deallocations: 1.


Internal statistics:

num_allocs_failed_limit: 6.
num_arena_births: 874.
num_arena_deaths: 0.
num_vsnodes_births: 3.
num_vsnodes_deaths: 0.
num_space_committed: 1184.
num_space_uncommitted: 0.
num_chunks_returned_to_freelist: 6.
num_chunks_taken_from_freelist: 3592.
num_chunk_merges: 6.
num_chunk_splits: 2557.
num_chunks_enlarged: 1977.
num_inconsistent_stats: 0.

CodeHeap 'non-profiled nmethods': size=120000Kb used=4864Kb max_used=4864Kb free=115135Kb
 bounds [0x000002a487ad0000, 0x000002a487fa0000, 0x000002a48f000000]
CodeHeap 'profiled nmethods': size=120000Kb used=14982Kb max_used=14982Kb free=105017Kb
 bounds [0x000002a480000000, 0x000002a480eb0000, 0x000002a487530000]
CodeHeap 'non-nmethods': size=5760Kb used=1395Kb max_used=1435Kb free=4364Kb
 bounds [0x000002a487530000, 0x000002a4877a0000, 0x000002a487ad0000]
 total_blobs=8460 nmethods=7744 adapters=627
 compilation: enabled
              stopped_count=0, restarted_count=0
 full_count=0

Compilation events (20 events):
Event: 750.850 Thread 0x000002a4fb795ce0 8638       4       org.springframework.core.ResolvableType::getGenerics (171 bytes)
Event: 750.851 Thread 0x000002a4fb796790 nmethod 8636 0x000002a480e9be10 code [0x000002a480e9c080, 0x000002a480e9ce68]
Event: 750.851 Thread 0x000002a4fb796790 8637       3       com.mysql.cj.protocol.result.AbstractResultsetRow::<init> (10 bytes)
Event: 750.851 Thread 0x000002a4fb796790 nmethod 8637 0x000002a480e9d310 code [0x000002a480e9d4a0, 0x000002a480e9d658]
Event: 750.851 Thread 0x000002a4fb796790 8639       3       sun.net.www.protocol.jar.JarURLConnection::setUseCaches (9 bytes)
Event: 750.852 Thread 0x000002a4fb796790 nmethod 8639 0x000002a480e9d710 code [0x000002a480e9d8c0, 0x000002a480e9da88]
Event: 750.853 Thread 0x000002a4fb796790 8640   !   3       sun.net.www.protocol.jar.JarFileFactory::get (146 bytes)
Event: 750.855 Thread 0x000002a4fb796790 nmethod 8640 0x000002a480e9db90 code [0x000002a480e9de00, 0x000002a480e9e888]
Event: 750.863 Thread 0x000002a4fb796790 8642       3       com.mysql.cj.protocol.a.result.OkPacket::parse (94 bytes)
Event: 750.865 Thread 0x000002a4fb796790 nmethod 8642 0x000002a480e9ed10 code [0x000002a480e9ef40, 0x000002a480e9f4a8]
Event: 750.865 Thread 0x000002a4fb796790 8643       3       com.mysql.cj.protocol.a.result.OkPacket::<init> (45 bytes)
Event: 750.865 Thread 0x000002a4fb796790 nmethod 8643 0x000002a480e9f690 code [0x000002a480e9f880, 0x000002a480e9fe78]
Event: 750.866 Thread 0x000002a4fb796790 8644       3       com.mysql.cj.protocol.a.NativeServerSessionStateController::setSessionStateChanges (84 bytes)
Event: 750.867 Thread 0x000002a4fb796790 nmethod 8644 0x000002a480ea0090 code [0x000002a480ea02c0, 0x000002a480ea0cc8]
Event: 750.867 Thread 0x000002a4fb796790 8645       3       com.fasterxml.jackson.databind.util.internal.PrivateMaxEntriesMap$Node::getPrevious (5 bytes)
Event: 750.868 Thread 0x000002a4fb796790 nmethod 8645 0x000002a480ea0f10 code [0x000002a480ea10a0, 0x000002a480ea11b8]
Event: 750.868 Thread 0x000002a4fb796790 8647       3       org.apache.catalina.connector.RequestFacade::removeAttribute (13 bytes)
Event: 750.868 Thread 0x000002a4fb796790 nmethod 8647 0x000002a480ea1290 code [0x000002a480ea1460, 0x000002a480ea1788]
Event: 750.868 Thread 0x000002a4fb796790 8646       1       org.springframework.security.web.header.Header::getValues (5 bytes)
Event: 750.868 Thread 0x000002a4fb796790 nmethod 8646 0x000002a487f8fe90 code [0x000002a487f90020, 0x000002a487f900f8]

GC Heap History (20 events):
Event: 6.980 GC heap before
{Heap before GC invocations=15 (full 0):
 garbage-first heap   total 58368K, used 46153K [0x0000000083600000, 0x0000000100000000)
  region size 1024K, 21 young (21504K), 3 survivors (3072K)
 Metaspace       used 60888K, committed 61376K, reserved 1114112K
  class space    used 8202K, committed 8448K, reserved 1048576K
}
Event: 6.983 GC heap after
{Heap after GC invocations=16 (full 0):
 garbage-first heap   total 58368K, used 28865K [0x0000000083600000, 0x0000000100000000)
  region size 1024K, 3 young (3072K), 3 survivors (3072K)
 Metaspace       used 60888K, committed 61376K, reserved 1114112K
  class space    used 8202K, committed 8448K, reserved 1048576K
}
Event: 7.202 GC heap before
{Heap before GC invocations=16 (full 0):
 garbage-first heap   total 58368K, used 46273K [0x0000000083600000, 0x0000000100000000)
  region size 1024K, 20 young (20480K), 3 survivors (3072K)
 Metaspace       used 62650K, committed 63232K, reserved 1114112K
  class space    used 8451K, committed 8768K, reserved 1048576K
}
Event: 7.206 GC heap after
{Heap after GC invocations=17 (full 0):
 garbage-first heap   total 58368K, used 30016K [0x0000000083600000, 0x0000000100000000)
  region size 1024K, 3 young (3072K), 3 survivors (3072K)
 Metaspace       used 62650K, committed 63232K, reserved 1114112K
  class space    used 8451K, committed 8768K, reserved 1048576K
}
Event: 7.284 GC heap before
{Heap before GC invocations=18 (full 0):
 garbage-first heap   total 63488K, used 46400K [0x0000000083600000, 0x0000000100000000)
  region size 1024K, 19 young (19456K), 3 survivors (3072K)
 Metaspace       used 62767K, committed 63424K, reserved 1114112K
  class space    used 8462K, committed 8768K, reserved 1048576K
}
Event: 7.286 GC heap after
{Heap after GC invocations=19 (full 0):
 garbage-first heap   total 76800K, used 30334K [0x0000000083600000, 0x0000000100000000)
  region size 1024K, 2 young (2048K), 2 survivors (2048K)
 Metaspace       used 62767K, committed 63424K, reserved 1114112K
  class space    used 8462K, committed 8768K, reserved 1048576K
}
Event: 7.488 GC heap before
{Heap before GC invocations=19 (full 0):
 garbage-first heap   total 76800K, used 62078K [0x0000000083600000, 0x0000000100000000)
  region size 1024K, 33 young (33792K), 2 survivors (2048K)
 Metaspace       used 63347K, committed 63936K, reserved 1114112K
  class space    used 8534K, committed 8832K, reserved 1048576K
}
Event: 7.491 GC heap after
{Heap after GC invocations=20 (full 0):
 garbage-first heap   total 76800K, used 31325K [0x0000000083600000, 0x0000000100000000)
  region size 1024K, 3 young (3072K), 3 survivors (3072K)
 Metaspace       used 63347K, committed 63936K, reserved 1114112K
  class space    used 8534K, committed 8832K, reserved 1048576K
}
Event: 7.973 GC heap before
{Heap before GC invocations=20 (full 0):
 garbage-first heap   total 76800K, used 62045K [0x0000000083600000, 0x0000000100000000)
  region size 1024K, 33 young (33792K), 3 survivors (3072K)
 Metaspace       used 66419K, committed 66944K, reserved 1114112K
  class space    used 8962K, committed 9216K, reserved 1048576K
}
Event: 7.977 GC heap after
{Heap after GC invocations=21 (full 0):
 garbage-first heap   total 76800K, used 33784K [0x0000000083600000, 0x0000000100000000)
  region size 1024K, 5 young (5120K), 5 survivors (5120K)
 Metaspace       used 66419K, committed 66944K, reserved 1114112K
  class space    used 8962K, committed 9216K, reserved 1048576K
}
Event: 21.359 GC heap before
{Heap before GC invocations=21 (full 0):
 garbage-first heap   total 76800K, used 62456K [0x0000000083600000, 0x0000000100000000)
  region size 1024K, 33 young (33792K), 5 survivors (5120K)
 Metaspace       used 69485K, committed 70080K, reserved 1114112K
  class space    used 9400K, committed 9664K, reserved 1048576K
}
Event: 21.366 GC heap after
{Heap after GC invocations=22 (full 0):
 garbage-first heap   total 76800K, used 35971K [0x0000000083600000, 0x0000000100000000)
  region size 1024K, 5 young (5120K), 5 survivors (5120K)
 Metaspace       used 69485K, committed 70080K, reserved 1114112K
  class space    used 9400K, committed 9664K, reserved 1048576K
}
Event: 99.601 GC heap before
{Heap before GC invocations=22 (full 0):
 garbage-first heap   total 76800K, used 61571K [0x0000000083600000, 0x0000000100000000)
  region size 1024K, 31 young (31744K), 5 survivors (5120K)
 Metaspace       used 73865K, committed 74496K, reserved 1114112K
  class space    used 10033K, committed 10304K, reserved 1048576K
}
Event: 99.679 GC heap after
{Heap after GC invocations=23 (full 0):
 garbage-first heap   total 76800K, used 37036K [0x0000000083600000, 0x0000000100000000)
  region size 1024K, 2 young (2048K), 2 survivors (2048K)
 Metaspace       used 73865K, committed 74496K, reserved 1114112K
  class space    used 10033K, committed 10304K, reserved 1048576K
}
Event: 262.254 GC heap before
{Heap before GC invocations=23 (full 0):
 garbage-first heap   total 76800K, used 60588K [0x0000000083600000, 0x0000000100000000)
  region size 1024K, 26 young (26624K), 2 survivors (2048K)
 Metaspace       used 74334K, committed 74944K, reserved 1114112K
  class space    used 10047K, committed 10368K, reserved 1048576K
}
Event: 262.301 GC heap after
{Heap after GC invocations=24 (full 0):
 garbage-first heap   total 76800K, used 37017K [0x0000000083600000, 0x0000000100000000)
  region size 1024K, 2 young (2048K), 2 survivors (2048K)
 Metaspace       used 74334K, committed 74944K, reserved 1114112K
  class space    used 10047K, committed 10368K, reserved 1048576K
}
Event: 546.342 GC heap before
{Heap before GC invocations=25 (full 0):
 garbage-first heap   total 76800K, used 62617K [0x0000000083600000, 0x0000000100000000)
  region size 1024K, 27 young (27648K), 2 survivors (2048K)
 Metaspace       used 74348K, committed 75008K, reserved 1114112K
  class space    used 10047K, committed 10368K, reserved 1048576K
}
Event: 546.396 GC heap after
{Heap after GC invocations=26 (full 0):
 garbage-first heap   total 76800K, used 36894K [0x0000000083600000, 0x0000000100000000)
  region size 1024K, 2 young (2048K), 2 survivors (2048K)
 Metaspace       used 74348K, committed 75008K, reserved 1114112K
  class space    used 10047K, committed 10368K, reserved 1048576K
}
Event: 557.316 GC heap before
{Heap before GC invocations=26 (full 0):
 garbage-first heap   total 76800K, used 37918K [0x0000000083600000, 0x0000000100000000)
  region size 1024K, 3 young (3072K), 2 survivors (2048K)
 Metaspace       used 74348K, committed 75008K, reserved 1114112K
  class space    used 10047K, committed 10368K, reserved 1048576K
}
Event: 557.385 GC heap after
{Heap after GC invocations=27 (full 0):
 garbage-first heap   total 76800K, used 36812K [0x0000000083600000, 0x0000000100000000)
  region size 1024K, 1 young (1024K), 1 survivors (1024K)
 Metaspace       used 74348K, committed 75008K, reserved 1114112K
  class space    used 10047K, committed 10368K, reserved 1048576K
}

Dll operation events (14 events):
Event: 0.007 Loaded shared library C:\Users\lenovo\.jdks\corretto-17.0.11\bin\java.dll
Event: 0.026 Loaded shared library C:\Users\lenovo\.jdks\corretto-17.0.11\bin\jsvml.dll
Event: 0.118 Loaded shared library C:\Users\lenovo\.jdks\corretto-17.0.11\bin\zip.dll
Event: 0.120 Loaded shared library C:\Users\lenovo\.jdks\corretto-17.0.11\bin\instrument.dll
Event: 0.127 Loaded shared library C:\Users\lenovo\.jdks\corretto-17.0.11\bin\net.dll
Event: 0.128 Loaded shared library C:\Users\lenovo\.jdks\corretto-17.0.11\bin\nio.dll
Event: 0.130 Loaded shared library C:\Users\lenovo\.jdks\corretto-17.0.11\bin\zip.dll
Event: 0.233 Loaded shared library C:\Program Files\JetBrains\IntelliJ IDEA Community Edition 2023.3.4\bin\breakgen64.dll
Event: 0.247 Loaded shared library C:\Users\lenovo\.jdks\corretto-17.0.11\bin\extnet.dll
Event: 0.277 Loaded shared library C:\Users\lenovo\.jdks\corretto-17.0.11\bin\jimage.dll
Event: 0.567 Loaded shared library C:\Users\lenovo\.jdks\corretto-17.0.11\bin\management.dll
Event: 0.569 Loaded shared library C:\Users\lenovo\.jdks\corretto-17.0.11\bin\management_ext.dll
Event: 1.483 Loaded shared library C:\Users\lenovo\.jdks\corretto-17.0.11\bin\sunmscapi.dll
Event: 5.078 Loaded shared library C:\Users\lenovo\.jdks\corretto-17.0.11\bin\verify.dll

Deoptimization events (20 events):
Event: 747.568 Thread 0x000002a4d6c1eec0 DEOPT PACKING pc=0x000002a480e71071 sp=0x000000d1c30fa9b0
Event: 747.568 Thread 0x000002a4d6c1eec0 DEOPT UNPACKING pc=0x000002a48758ace3 sp=0x000000d1c30f9e90 mode 0
Event: 747.570 Thread 0x000002a4d6c1eec0 DEOPT PACKING pc=0x000002a480e71071 sp=0x000000d1c30fa9b0
Event: 747.570 Thread 0x000002a4d6c1eec0 DEOPT UNPACKING pc=0x000002a48758ace3 sp=0x000000d1c30f9e90 mode 0
Event: 747.572 Thread 0x000002a4d6c1eec0 DEOPT PACKING pc=0x000002a480e71071 sp=0x000000d1c30fa9b0
Event: 747.572 Thread 0x000002a4d6c1eec0 DEOPT UNPACKING pc=0x000002a48758ace3 sp=0x000000d1c30f9e90 mode 0
Event: 747.575 Thread 0x000002a4d6c1eec0 DEOPT PACKING pc=0x000002a480e71071 sp=0x000000d1c30fa9b0
Event: 747.575 Thread 0x000002a4d6c1eec0 DEOPT UNPACKING pc=0x000002a48758ace3 sp=0x000000d1c30f9e90 mode 0
Event: 747.577 Thread 0x000002a4d6c1eec0 DEOPT PACKING pc=0x000002a480e71071 sp=0x000000d1c30fa9b0
Event: 747.577 Thread 0x000002a4d6c1eec0 DEOPT UNPACKING pc=0x000002a48758ace3 sp=0x000000d1c30f9e90 mode 0
Event: 747.578 Thread 0x000002a4d6c1eec0 DEOPT PACKING pc=0x000002a480e71071 sp=0x000000d1c30fa9b0
Event: 747.578 Thread 0x000002a4d6c1eec0 DEOPT UNPACKING pc=0x000002a48758ace3 sp=0x000000d1c30f9e90 mode 0
Event: 747.797 Thread 0x000002a4d6c1eec0 Uncommon trap: trap_request=0xffffff45 fr.pc=0x000002a487c0d904 relative=0x0000000000000344
Event: 747.797 Thread 0x000002a4d6c1eec0 Uncommon trap: reason=unstable_if action=reinterpret pc=0x000002a487c0d904 method=java.util.HashMap.getNode(Ljava/lang/Object;)Ljava/util/HashMap$Node; @ 66 c2
Event: 747.797 Thread 0x000002a4d6c1eec0 DEOPT PACKING pc=0x000002a487c0d904 sp=0x000000d1c30f9f50
Event: 747.797 Thread 0x000002a4d6c1eec0 DEOPT UNPACKING pc=0x000002a48758a1a3 sp=0x000000d1c30f9e80 mode 2
Event: 747.818 Thread 0x000002a4d6c1eec0 Uncommon trap: trap_request=0xffffff45 fr.pc=0x000002a487bd5da4 relative=0x00000000000002e4
Event: 747.818 Thread 0x000002a4d6c1eec0 Uncommon trap: reason=unstable_if action=reinterpret pc=0x000002a487bd5da4 method=java.util.HashMap.getNode(Ljava/lang/Object;)Ljava/util/HashMap$Node; @ 66 c2
Event: 747.818 Thread 0x000002a4d6c1eec0 DEOPT PACKING pc=0x000002a487bd5da4 sp=0x000000d1c30f9fa0
Event: 747.818 Thread 0x000002a4d6c1eec0 DEOPT UNPACKING pc=0x000002a48758a1a3 sp=0x000000d1c30f9f20 mode 2

Classes unloaded (0 events):
No events

Classes redefined (0 events):
No events

Internal exceptions (20 events):
Event: 7.259 Thread 0x000002a4d4bd4cc0 Exception <a 'java/lang/reflect/InvocationTargetException'{0x00000000869f7708}> (0x00000000869f7708) 
thrown [s\src\hotspot\share\runtime\reflection.cpp, line 1121]
Event: 7.312 Thread 0x000002a4d4bd4cc0 Exception <a 'java/lang/reflect/InvocationTargetException'{0x00000000879689f8}> (0x00000000879689f8) 
thrown [s\src\hotspot\share\runtime\reflection.cpp, line 1121]
Event: 7.316 Thread 0x000002a4d4bd4cc0 Exception <a 'java/lang/reflect/InvocationTargetException'{0x000000008797d780}> (0x000000008797d780) 
thrown [s\src\hotspot\share\runtime\reflection.cpp, line 1121]
Event: 7.698 Thread 0x000002a4d4bd4cc0 Exception <a 'java/lang/IncompatibleClassChangeError'{0x000000008755cf40}: Found class java.lang.Object, but interface was expected> (0x000000008755cf40) 
thrown [s\src\hotspot\share\interpreter\linkResolver.cpp, line 826]
Event: 7.908 Thread 0x000002a4d4bd4cc0 Exception <a 'java/lang/IncompatibleClassChangeError'{0x00000000868341d0}: Found class java.lang.Object, but interface was expected> (0x00000000868341d0) 
thrown [s\src\hotspot\share\interpreter\linkResolver.cpp, line 826]
Event: 7.926 Thread 0x000002a4d4bd4cc0 Exception <a 'sun/nio/fs/WindowsException'{0x00000000867949e8}> (0x00000000867949e8) 
thrown [s\src\hotspot\share\prims\jni.cpp, line 516]
Event: 8.000 Thread 0x000002a4d4bd4cc0 Exception <a 'sun/nio/fs/WindowsException'{0x0000000087d03188}> (0x0000000087d03188) 
thrown [s\src\hotspot\share\prims\jni.cpp, line 516]
Event: 8.052 Thread 0x000002a4d4bd4cc0 Exception <a 'java/lang/IncompatibleClassChangeError'{0x0000000087a13730}: Found class java.lang.Object, but interface was expected> (0x0000000087a13730) 
thrown [s\src\hotspot\share\interpreter\linkResolver.cpp, line 826]
Event: 8.101 Thread 0x000002a4d4bd4cc0 Implicit null exception at 0x000002a487c2b75a to 0x000002a487c2b984
Event: 8.228 Thread 0x000002a4d4bd4cc0 Exception <a 'java/lang/NoSuchMethodError'{0x0000000086f39f50}: 'void java.lang.invoke.DirectMethodHandle$Holder.invokeVirtual(java.lang.Object, java.lang.Object, long)'> (0x0000000086f39f50) 
thrown [s\src\hotspot\share\interpreter\linkResolver.cpp, line 759]
Event: 8.235 Thread 0x000002a4d4bd4cc0 Exception <a 'java/lang/NoSuchMethodError'{0x0000000086e1e7f8}: 'java.lang.Object java.lang.invoke.DirectMethodHandle$Holder.newInvokeSpecial(java.lang.Object, java.lang.Object, int, java.lang.Object, java.lang.Object)'> (0x0000000086e1e7f8) 
thrown [s\src\hotspot\share\interpreter\linkResolver.cpp, line 759]
Event: 8.236 Thread 0x000002a4d4bd4cc0 Exception <a 'java/lang/NoSuchMethodError'{0x0000000086e29a00}: 'java.lang.Object java.lang.invoke.DirectMethodHandle$Holder.invokeSpecial(java.lang.Object, java.lang.Object, int, java.lang.Object, int, java.lang.Object)'> (0x0000000086e29a00) 
thrown [s\src\hotspot\share\interpreter\linkResolver.cpp, line 759]
Event: 8.236 Thread 0x000002a4d4bd4cc0 Exception <a 'java/lang/NoSuchMethodError'{0x0000000086e316b0}: 'java.lang.Object java.lang.invoke.DirectMethodHandle$Holder.newInvokeSpecial(java.lang.Object, java.lang.Object, int, java.lang.Object, int)'> (0x0000000086e316b0) 
thrown [s\src\hotspot\share\interpreter\linkResolver.cpp, line 759]
Event: 8.236 Thread 0x000002a4d4bd4cc0 Exception <a 'java/lang/NoSuchMethodError'{0x0000000086e35768}: 'java.lang.Object java.lang.invoke.DirectMethodHandle$Holder.invokeSpecial(java.lang.Object, java.lang.Object, java.lang.Object, int, java.lang.Object, int)'> (0x0000000086e35768) 
thrown [s\src\hotspot\share\interpreter\linkResolver.cpp, line 759]
Event: 21.265 Thread 0x000002a4d7dc6710 Exception <a 'java/lang/NoSuchMethodError'{0x00000000867b8e20}: 'java.lang.Object java.lang.invoke.DirectMethodHandle$Holder.invokeSpecial(java.lang.Object, java.lang.Object, java.lang.Object, java.lang.Object, java.lang.Object, long)'> (0x00000000867b8e20) 
thrown [s\src\hotspot\share\interpreter\linkResolver.cpp, line 759]
Event: 21.265 Thread 0x000002a4d7dc6710 Exception <a 'java/lang/NoSuchMethodError'{0x00000000867bc818}: 'java.lang.Object java.lang.invoke.Invokers$Holder.linkToTargetMethod(java.lang.Object, java.lang.Object, java.lang.Object, long, java.lang.Object)'> (0x00000000867bc818) 
thrown [s\src\hotspot\share\interpreter\linkResolver.cpp, line 759]
Event: 21.593 Thread 0x000002a4d7dc6c20 Implicit null exception at 0x000002a487ec3b93 to 0x000002a487ec3cec
Event: 21.615 Thread 0x000002a4d7dc6c20 Exception <a 'java/lang/NoSuchMethodError'{0x00000000875d59a8}: 'void java.lang.invoke.DirectMethodHandle$Holder.invokeSpecialIFC(java.lang.Object, java.lang.Object, int, java.lang.Object, java.lang.Object, java.lang.Object, java.lang.Object)'> (0x00000000875d59a8) 
thrown [s\src\hotspot\share\interpreter\linkResolver.cpp, line 759]
Event: 21.731 Thread 0x000002a4d7dc6c20 Exception <a 'java/lang/NoSuchMethodError'{0x000000008717ebb8}: 'java.lang.Object java.lang.invoke.DirectMethodHandle$Holder.invokeInterface(java.lang.Object, java.lang.Object, java.lang.Object, java.lang.Object)'> (0x000000008717ebb8) 
thrown [s\src\hotspot\share\interpreter\linkResolver.cpp, line 759]
Event: 21.737 Thread 0x000002a4d7dc6c20 Exception <a 'java/lang/IncompatibleClassChangeError'{0x00000000871a23a0}: Found class java.lang.Object, but interface was expected> (0x00000000871a23a0) 
thrown [s\src\hotspot\share\interpreter\linkResolver.cpp, line 826]

VM Operations (20 events):
Event: 698.481 Executing VM operation: Cleanup
Event: 698.481 Executing VM operation: Cleanup done
Event: 716.633 Executing VM operation: Cleanup
Event: 716.633 Executing VM operation: Cleanup done
Event: 719.662 Executing VM operation: Cleanup
Event: 719.662 Executing VM operation: Cleanup done
Event: 727.728 Executing VM operation: Cleanup
Event: 727.728 Executing VM operation: Cleanup done
Event: 732.764 Executing VM operation: Cleanup
Event: 732.764 Executing VM operation: Cleanup done
Event: 733.766 Executing VM operation: Cleanup
Event: 733.766 Executing VM operation: Cleanup done
Event: 747.365 Executing VM operation: HandshakeAllThreads
Event: 747.366 Executing VM operation: HandshakeAllThreads done
Event: 747.366 Executing VM operation: Cleanup
Event: 747.366 Executing VM operation: Cleanup done
Event: 747.792 Executing VM operation: HandshakeAllThreads
Event: 747.792 Executing VM operation: HandshakeAllThreads done
Event: 748.804 Executing VM operation: Cleanup
Event: 748.804 Executing VM operation: Cleanup done

Events (20 events):
Event: 21.597 loading class java/util/AbstractMap$SimpleEntry
Event: 21.598 loading class java/util/AbstractMap$SimpleEntry done
Event: 21.748 loading class java/time/format/DateTimeFormatterBuilder$ZoneTextPrinterParser
Event: 21.748 loading class java/time/format/DateTimeFormatterBuilder$ZoneTextPrinterParser done
Event: 21.748 loading class java/time/format/DateTimeFormatterBuilder$ReducedPrinterParser
Event: 21.749 loading class java/time/format/DateTimeFormatterBuilder$ReducedPrinterParser done
Event: 21.756 loading class java/util/OptionalLong
Event: 21.757 loading class java/util/OptionalLong done
Event: 21.757 loading class java/util/OptionalDouble
Event: 21.757 loading class java/util/OptionalDouble done
Event: 21.777 loading class java/util/stream/LongStream
Event: 21.778 loading class java/util/stream/LongStream done
Event: 21.778 loading class java/util/stream/DoubleStream
Event: 21.779 loading class java/util/stream/DoubleStream done
Event: 21.794 loading class org/w3c/dom/Node
Event: 21.794 loading class org/w3c/dom/Node done
Event: 21.794 loading class org/w3c/dom/Document
Event: 21.794 loading class org/w3c/dom/Document done
Event: 747.077 loading class java/io/PushbackInputStream
Event: 747.084 loading class java/io/PushbackInputStream done


Dynamic libraries:
0x00007ff600bd0000 - 0x00007ff600bde000 	C:\Users\lenovo\.jdks\corretto-17.0.11\bin\java.exe
0x00007ffed21f0000 - 0x00007ffed23e8000 	C:\WINDOWS\SYSTEM32\ntdll.dll
0x00007ffed0870000 - 0x00007ffed092d000 	C:\WINDOWS\System32\KERNEL32.DLL
0x00007ffecfa80000 - 0x00007ffecfd76000 	C:\WINDOWS\System32\KERNELBASE.dll
0x00007ffecfef0000 - 0x00007ffecfff0000 	C:\WINDOWS\System32\ucrtbase.dll
0x00007ffecca80000 - 0x00007ffecca97000 	C:\Users\lenovo\.jdks\corretto-17.0.11\bin\jli.dll
0x00007ffecaf50000 - 0x00007ffecaf6b000 	C:\Users\lenovo\.jdks\corretto-17.0.11\bin\VCRUNTIME140.dll
0x00007ffed0ed0000 - 0x00007ffed106f000 	C:\WINDOWS\System32\USER32.dll
0x00007ffea7520000 - 0x00007ffea77ba000 	C:\WINDOWS\WinSxS\amd64_microsoft.windows.common-controls_6595b64144ccf1df_6.0.19041.4355_none_60b8b9eb71f62e16\COMCTL32.dll
0x00007ffecf8a0000 - 0x00007ffecf8c2000 	C:\WINDOWS\System32\win32u.dll
0x00007ffed1c50000 - 0x00007ffed1cee000 	C:\WINDOWS\System32\msvcrt.dll
0x00007ffed1170000 - 0x00007ffed119b000 	C:\WINDOWS\System32\GDI32.dll
0x00007ffed0090000 - 0x00007ffed01a7000 	C:\WINDOWS\System32\gdi32full.dll
0x00007ffecfff0000 - 0x00007ffed008d000 	C:\WINDOWS\System32\msvcp_win.dll
0x00007ffed0440000 - 0x00007ffed0472000 	C:\WINDOWS\System32\IMM32.DLL
0x00007ffecb120000 - 0x00007ffecb12c000 	C:\Users\lenovo\.jdks\corretto-17.0.11\bin\vcruntime140_1.dll
0x00007ffea1f50000 - 0x00007ffea1fdd000 	C:\Users\lenovo\.jdks\corretto-17.0.11\bin\msvcp140.dll
0x00007ffe77f90000 - 0x00007ffe78bf2000 	C:\Users\lenovo\.jdks\corretto-17.0.11\bin\server\jvm.dll
0x00007ffed0220000 - 0x00007ffed02d0000 	C:\WINDOWS\System32\ADVAPI32.dll
0x00007ffed05b0000 - 0x00007ffed0650000 	C:\WINDOWS\System32\sechost.dll
0x00007ffed0480000 - 0x00007ffed05a3000 	C:\WINDOWS\System32\RPCRT4.dll
0x00007ffecfec0000 - 0x00007ffecfee7000 	C:\WINDOWS\System32\bcrypt.dll
0x00007ffeaf520000 - 0x00007ffeaf529000 	C:\WINDOWS\SYSTEM32\WSOCK32.dll
0x00007ffecf1d0000 - 0x00007ffecf21b000 	C:\WINDOWS\SYSTEM32\POWRPROF.dll
0x00007ffeb4920000 - 0x00007ffeb4947000 	C:\WINDOWS\SYSTEM32\WINMM.dll
0x00007ffed0e00000 - 0x00007ffed0e6b000 	C:\WINDOWS\System32\WS2_32.dll
0x00007ffec8900000 - 0x00007ffec890a000 	C:\WINDOWS\SYSTEM32\VERSION.dll
0x00007ffecf1b0000 - 0x00007ffecf1c2000 	C:\WINDOWS\SYSTEM32\UMPDC.dll
0x00007ffecd8c0000 - 0x00007ffecd8d2000 	C:\WINDOWS\SYSTEM32\kernel.appcore.dll
0x00007ffecaf20000 - 0x00007ffecaf2a000 	C:\Users\lenovo\.jdks\corretto-17.0.11\bin\jimage.dll
0x00007ffecd420000 - 0x00007ffecd604000 	C:\WINDOWS\SYSTEM32\DBGHELP.DLL
0x00007ffeb4340000 - 0x00007ffeb4374000 	C:\WINDOWS\SYSTEM32\dbgcore.DLL
0x00007ffecfe30000 - 0x00007ffecfeb2000 	C:\WINDOWS\System32\bcryptPrimitives.dll
0x00007ffec85c0000 - 0x00007ffec85ce000 	C:\Users\lenovo\.jdks\corretto-17.0.11\bin\instrument.dll
0x00007ffec88d0000 - 0x00007ffec88f5000 	C:\Users\lenovo\.jdks\corretto-17.0.11\bin\java.dll
0x00007ffea0060000 - 0x00007ffea0137000 	C:\Users\lenovo\.jdks\corretto-17.0.11\bin\jsvml.dll
0x00007ffed1350000 - 0x00007ffed1abb000 	C:\WINDOWS\System32\SHELL32.dll
0x00007ffecd8e0000 - 0x00007ffece07d000 	C:\WINDOWS\SYSTEM32\windows.storage.dll
0x00007ffed1da0000 - 0x00007ffed20f3000 	C:\WINDOWS\System32\combase.dll
0x00007ffecf170000 - 0x00007ffecf19e000 	C:\WINDOWS\SYSTEM32\Wldp.dll
0x00007ffed0350000 - 0x00007ffed041d000 	C:\WINDOWS\System32\OLEAUT32.dll
0x00007ffed2100000 - 0x00007ffed21ad000 	C:\WINDOWS\System32\SHCORE.dll
0x00007ffed0780000 - 0x00007ffed07d5000 	C:\WINDOWS\System32\shlwapi.dll
0x00007ffecf7d0000 - 0x00007ffecf7f4000 	C:\WINDOWS\SYSTEM32\profapi.dll
0x00007ffebcb00000 - 0x00007ffebcb18000 	C:\Users\lenovo\.jdks\corretto-17.0.11\bin\zip.dll
0x00007ffec3200000 - 0x00007ffec3219000 	C:\Users\lenovo\.jdks\corretto-17.0.11\bin\net.dll
0x00007ffec9d80000 - 0x00007ffec9e8a000 	C:\WINDOWS\SYSTEM32\WINHTTP.dll
0x00007ffecef50000 - 0x00007ffecefba000 	C:\WINDOWS\system32\mswsock.dll
0x00007ffec3100000 - 0x00007ffec3116000 	C:\Users\lenovo\.jdks\corretto-17.0.11\bin\nio.dll
0x00007ffec5c40000 - 0x00007ffec5c5a000 	C:\Program Files\JetBrains\IntelliJ IDEA Community Edition 2023.3.4\bin\breakgen64.dll
0x00007ffecaee0000 - 0x00007ffecaee9000 	C:\Users\lenovo\.jdks\corretto-17.0.11\bin\extnet.dll
0x00007ffec85b0000 - 0x00007ffec85b9000 	C:\Users\lenovo\.jdks\corretto-17.0.11\bin\management.dll
0x00007ffec5c30000 - 0x00007ffec5c3b000 	C:\Users\lenovo\.jdks\corretto-17.0.11\bin\management_ext.dll
0x00007ffed1080000 - 0x00007ffed1088000 	C:\WINDOWS\System32\PSAPI.DLL
0x00007ffebc240000 - 0x00007ffebc24e000 	C:\Users\lenovo\.jdks\corretto-17.0.11\bin\sunmscapi.dll
0x00007ffecf8d0000 - 0x00007ffecfa2e000 	C:\WINDOWS\System32\CRYPT32.dll
0x00007ffecf330000 - 0x00007ffecf359000 	C:\WINDOWS\SYSTEM32\ncrypt.dll
0x00007ffecf2f0000 - 0x00007ffecf32b000 	C:\WINDOWS\SYSTEM32\NTASN1.dll
0x00007ffecf220000 - 0x00007ffecf238000 	C:\WINDOWS\SYSTEM32\CRYPTSP.dll
0x00007ffece890000 - 0x00007ffece8c4000 	C:\WINDOWS\system32\rsaenh.dll
0x00007ffecf740000 - 0x00007ffecf76e000 	C:\WINDOWS\SYSTEM32\USERENV.dll
0x00007ffecf0e0000 - 0x00007ffecf0ec000 	C:\WINDOWS\SYSTEM32\CRYPTBASE.dll
0x00007ffecec50000 - 0x00007ffecec8b000 	C:\WINDOWS\SYSTEM32\IPHLPAPI.DLL
0x00007ffed0650000 - 0x00007ffed0658000 	C:\WINDOWS\System32\NSI.dll
0x00007ffec7ec0000 - 0x00007ffec7ed7000 	C:\WINDOWS\SYSTEM32\dhcpcsvc6.DLL
0x00007ffec7690000 - 0x00007ffec76ad000 	C:\WINDOWS\SYSTEM32\dhcpcsvc.DLL
0x00007ffecec90000 - 0x00007ffeced5b000 	C:\WINDOWS\SYSTEM32\DNSAPI.dll
0x00007ffec6db0000 - 0x00007ffec6dba000 	C:\Windows\System32\rasadhlp.dll
0x00007ffec3980000 - 0x00007ffec3a00000 	C:\WINDOWS\System32\fwpuclnt.dll
0x00007ffec85f0000 - 0x00007ffec8600000 	C:\Users\lenovo\.jdks\corretto-17.0.11\bin\verify.dll
0x00007ffe6d920000 - 0x00007ffe6d927000 	C:\WINDOWS\system32\wshunix.dll

dbghelp: loaded successfully - version: 4.0.5 - missing functions: none
symbol engine: initialized successfully - sym options: 0x614 - pdb path: .;C:\Users\lenovo\.jdks\corretto-17.0.11\bin;C:\WINDOWS\SYSTEM32;C:\WINDOWS\WinSxS\amd64_microsoft.windows.common-controls_6595b64144ccf1df_6.0.19041.4355_none_60b8b9eb71f62e16;C:\Users\lenovo\.jdks\corretto-17.0.11\bin\server;C:\Program Files\JetBrains\IntelliJ IDEA Community Edition 2023.3.4\bin

VM Arguments:
jvm_args: -javaagent:C:\Program Files\JetBrains\IntelliJ IDEA Community Edition 2023.3.4\lib\idea_rt.jar=49167:C:\Program Files\JetBrains\IntelliJ IDEA Community Edition 2023.3.4\bin -Dfile.encoding=UTF-8 
java_command: com.example.app.javatechie.spring.auth.example.UserServiceApplication
java_class_path (initial): C:\Users\lenovo\OneDrive\Bureau\backelzei-main\target\classes;C:\Users\lenovo\.m2\repository\org\springframework\boot\spring-boot-starter-security\3.2.3\spring-boot-starter-security-3.2.3.jar;C:\Users\lenovo\.m2\repository\org\springframework\boot\spring-boot-starter\3.2.3\spring-boot-starter-3.2.3.jar;C:\Users\lenovo\.m2\repository\org\springframework\boot\spring-boot-starter-logging\3.2.3\spring-boot-starter-logging-3.2.3.jar;C:\Users\lenovo\.m2\repository\ch\qos\logback\logback-classic\1.4.14\logback-classic-1.4.14.jar;C:\Users\lenovo\.m2\repository\ch\qos\logback\logback-core\1.4.14\logback-core-1.4.14.jar;C:\Users\lenovo\.m2\repository\org\apache\logging\log4j\log4j-to-slf4j\2.21.1\log4j-to-slf4j-2.21.1.jar;C:\Users\lenovo\.m2\repository\org\apache\logging\log4j\log4j-api\2.21.1\log4j-api-2.21.1.jar;C:\Users\lenovo\.m2\repository\org\slf4j\jul-to-slf4j\2.0.12\jul-to-slf4j-2.0.12.jar;C:\Users\lenovo\.m2\repository\jakarta\annotation\jakarta.annotation-api\2.1.1\jakarta.annotation-api-2.1.1.jar;C:\Users\lenovo\.m2\repository\org\yaml\snakeyaml\2.2\snakeyaml-2.2.jar;C:\Users\lenovo\.m2\repository\org\springframework\spring-aop\6.1.4\spring-aop-6.1.4.jar;C:\Users\lenovo\.m2\repository\org\springframework\security\spring-security-config\6.2.2\spring-security-config-6.2.2.jar;C:\Users\lenovo\.m2\repository\org\springframework\security\spring-security-web\6.2.2\spring-security-web-6.2.2.jar;C:\Users\lenovo\.m2\repository\org\springframework\boot\spring-boot-starter-web\3.2.3\spring-boot-starter-web-3.2.3.jar;C:\Users\lenovo\.m2\repository\org\springframework\boot\spring-boot-starter-json\3.2.3\spring-boot-starter-json-3.2.3.jar;C:\Users\lenovo\.m2\repository\com\fasterxml\jackson\datatype\jackson-datatype-jdk8\2.15.4\jackson-datatype-jdk8-2.15.4.jar;C:\Users\lenovo\.m2\repository\com\fasterxml\jackson\datatype\jackson-datatype-jsr310\2.15.4\jackson-datatype-jsr310-2.15.4.jar;C:\Users\lenovo\.m2\repository\com\fasterxml\jackson\module\jacks
Launcher Type: SUN_STANDARD

[Global flags]
     intx CICompilerCount                          = 4                                         {product} {ergonomic}
     uint ConcGCThreads                            = 2                                         {product} {ergonomic}
     uint G1ConcRefinementThreads                  = 8                                         {product} {ergonomic}
   size_t G1HeapRegionSize                         = 1048576                                   {product} {ergonomic}
    uintx GCDrainStackTargetSize                   = 64                                        {product} {ergonomic}
   size_t InitialHeapSize                          = 132120576                                 {product} {ergonomic}
   size_t MarkStackSize                            = 4194304                                   {product} {ergonomic}
   size_t MaxHeapSize                              = 2090860544                                {product} {ergonomic}
   size_t MaxNewSize                               = 1254096896                                {product} {ergonomic}
   size_t MinHeapDeltaBytes                        = 1048576                                   {product} {ergonomic}
   size_t MinHeapSize                              = 8388608                                   {product} {ergonomic}
    uintx NonNMethodCodeHeapSize                   = 5839372                                {pd product} {ergonomic}
    uintx NonProfiledCodeHeapSize                  = 122909434                              {pd product} {ergonomic}
    uintx ProfiledCodeHeapSize                     = 122909434                              {pd product} {ergonomic}
    uintx ReservedCodeCacheSize                    = 251658240                              {pd product} {ergonomic}
     bool SegmentedCodeCache                       = true                                      {product} {ergonomic}
   size_t SoftMaxHeapSize                          = 2090860544                             {manageable} {ergonomic}
     bool UseCompressedClassPointers               = true                           {product lp64_product} {ergonomic}
     bool UseCompressedOops                        = true                           {product lp64_product} {ergonomic}
     bool UseG1GC                                  = true                                      {product} {ergonomic}
     bool UseLargePagesIndividualAllocation        = false                                  {pd product} {ergonomic}

Logging:
Log output configuration:
 #0: stdout all=warning uptime,level,tags
 #1: stderr all=off uptime,level,tags

Environment Variables:
PATH=C:\Program Files\Common Files\Oracle\Java\javapath;C:\Program Files (x86)\Common Files\Oracle\Java\javapath;C:\Oracle_21c\WINDOWS.X64_213000_db_home\bin;C:\ProgramData\Oracle\Java\javapath;C:\Program Files (x86)\VMware\VMware Workstation\bin\;C:\WINDOWS\system32;C:\WINDOWS;C:\WINDOWS\System32\Wbem;C:\WINDOWS\System32\WindowsPowerShell\v1.0\;C:\WINDOWS\System32\OpenSSH\;C:\Program Files\Git\cmd;C:\Program Files\Docker\Docker\resources\bin;C:\TDM-GCC-64\bin;%NVM_HOME%;%NVM_SYMLINK%;C:\Program Files\MySQL\MySQL Shell 8.0\bin\;C:\Users\lenovo\AppData\Local\Microsoft\WindowsApps;C:\Users\lenovo\AppData\Local\Programs\Microsoft VS Code\bin;C:\Users\lenovo\AppData\Roaming\npm;C:\Users\lenovo\AppData\Local\GitHubDesktop\bin;C:\Users\lenovo\AppData\Roaming\nvm;C:\Program Files\nodejs
USERNAME=lenovo
OS=Windows_NT
PROCESSOR_IDENTIFIER=Intel64 Family 6 Model 140 Stepping 1, GenuineIntel
TMP=C:\Users\lenovo\AppData\Local\Temp
TEMP=C:\Users\lenovo\AppData\Local\Temp



Periodic native trim disabled


---------------  S Y S T E M  ---------------

OS:
 Windows 10 , 64 bit Build 19041 (10.0.19041.3636)
OS uptime: 4 days 14:21 hours
Hyper-V role detected

CPU: total 8 (initial active 8) (4 cores per cpu, 2 threads per core) family 6 model 140 stepping 1 microcode 0x86, cx8, cmov, fxsr, ht, mmx, 3dnowpref, sse, sse2, sse3, ssse3, sse4.1, sse4.2, popcnt, lzcnt, tsc, tscinvbit, avx, avx2, aes, erms, clmul, bmi1, bmi2, adx, avx512f, avx512dq, avx512cd, avx512bw, avx512vl, sha, fma, vzeroupper, avx512_vpopcntdq, avx512_vpclmulqdq, avx512_vaes, avx512_vnni, clflush, clflushopt, clwb, avx512_vbmi2, avx512_vbmi, hv
Processor Information for all 8 processors :
  Max Mhz: 2803, Current Mhz: 2803, Mhz Limit: 2803

Memory: 4k page, system-wide physical 7975M (759M free)
TotalPageFile size 32551M (AvailPageFile size 391M)
current process WorkingSet (physical memory assigned to process): 125M, peak: 276M
current process commit charge ("private bytes"): 300M, peak: 316M

vm_info: OpenJDK 64-Bit Server VM (17.0.11+9-LTS) for windows-amd64 JRE (17.0.11+9-LTS), built on Apr 10 2024 22:12:24 by "Administrator" with MS VC++ 16.10 / 16.11 (VS2019)

END.
